<?xml version="1.0" encoding="UTF-8"?>
<testsuite xmlns:xsi="http://www.w3.org/2001/XMLSchema-instance" xsi:noNamespaceSchemaLocation="https://maven.apache.org/surefire/maven-surefire-plugin/xsd/surefire-test-report.xsd" version="3.0.2" name="com.example.service.AIChatServiceStreamTest" time="23.195" tests="1" errors="0" skipped="0" failures="0" flakes="0">
  <properties>
[...]
</properties>
  <testcase name="stream" classname="com.example.service.AIChatServiceStreamTest" time="23.17">
    <system-out><![CDATA[===== 提问：用大白话讲讲 Spring Boot 的自动配置是怎么生效的。 =====

【思考】
The user has asked the same question three times now ("用大白话讲讲 Spring Boot 的自动配置是怎么生效的" — earlier in the conversation, twice, and now a third time). I should answer it again, in plain language, per the persona. I shouldn't be snarky about repetition, but I can acknowledge briefly and vary the explanation. Actually — should I mention it's a repeat? The instruction says don't go off-topic, only answer what's asked. But being helpful, I could give a slightly different, fresh framing. The persona says 别写客套话 (no pleasantries).

I think the best approach: give a clean, complete answer again, with a fresh analogy (I've used 智能管家/快递分拣中心; now maybe 餐厅点菜/医院分诊 or 宜家家具包). Keep the same structure: conclusion first, then step by step, complete runnable code, comments, pitfalls, plain language.

Let me pick a new analogy: 医院的预检分诊台? Or 装修公司的样板间套餐? Let me use 点外卖/自助餐? Hmm, a good one: 自动配置像"自助餐厅的后厨"—— 你只要在餐台前站着（引入依赖），后厨就按你拿的盘子给你上对应的菜。

Actually a cleaner fresh analogy: 自动配置像一个"看菜下饭的厨师"。或者更贴切的：像手机充电器自动识别电压。

Let me use: **自动配置就像住酒店。** 你报上房号（引入依赖 / 写配置），前台按你的房型给你配好洗漱用品、拖鞋、早餐券。你不说要什么，它按标准给你配齐；你自己带了牙刷（自定义 Bean），它就不给你放。

That's a nice one — fresh and intuitive. Let me build the whole answer around 酒店 analogy, with a small table mapping.

Structure:
1. 结论（一句话）
2. 比方（酒店）
3. 术语翻译（short table）
4. 七步流程
5. 清单文件位置（版本坑）
6. 条件注解表
7. 完整可跑代码（same demo, since it's proven and correct — I should keep it accurate; reusing is fine and it's correct)
8. 验证退让
9. 真实例子
10. 怎么亲眼看清单文件
11. 踩坑

Should I keep it shorter? The previous two answers were long. A third repeat could be slightly more compact but still complete. The persona wants完整能跑的代码. I'll keep the code but maybe trim commentary a bit and lean on the new analogy. I'll keep accuracy.

Also I could add one *new* useful bit that wasn't in earlier answers, e.g., 为什么叫"约定优于配置" and 自动配置 ≠ 帮你写代码, or 一个更贴近新手的问题：自动配置类和普通 @Configuration 的差别表。I added 坑9 last time. Let me add something genuinely new but accurate: 
- `spring-boot-autoconfigure` 这个 jar 是自动配置的"大本营"，所有内置自动配置类都在这里（注意它是独立 jar，跟 spring-boot-starter 分开）。
- 另一个：可以用 `@ImportAutoConfiguration` 手动引入某个自动配置类到测试里 (spring-boot-test 的 @ImportAutoConfiguration). 这个是真实的注解。用的时候要小心，我不完全确定细节 — 我记得 `@ImportAutoConfiguration` 存在于 `org.springframework.boot.autoconfigure` 包，是 public 注解，用于测试中只引入指定自动配置。Yes that's real. But to be safe I can mention it briefly with hedge, or skip. I'll mention briefly as "测试里想只开某几个自动配置，可以用 @ImportAutoConfiguration（这个是 Spring Boot 提供的，主要在测试场景用）" — that's accurate enough, and I'll note it's mainly for tests. Actually let me be careful and just mention that it exists and is commonly used in tests, and that I'm not going to expand. Or I could verify... no web verification tool for docs other than fetch_page_text. I could fetch the Spring Boot javadoc. Hmm, that might be overkill but adds accuracy. The persona says 不确定就说不确定，不要编. I could just say "这个注解存在，主要用在测试里，细节我不展开". That's fine — hedged appropriately.

Alternatively add a different new bit: the 启动日志里的 "Positive matches / Negative matches"，已经讲过。 

Another new useful bit: 自动配置类里的 `@Bean` 方法通常是 `@ConditionalOnMissingBean`，但方法级别的条件判断依赖顺序，已经讲过。

Another new thing: 怎么自己调试"这个 Bean 到底是谁创建的" —— 可以看条件评估报告，或 debug 时在 BeanFactory 里找。也可以说 "报错信息里出现 BeanDefinitionOverrideException / 冲突时，就是两个地方都想定义同一个 Bean"。

Let me just write a solid answer. I'll keep code the same (it's correct and validated logically). I'll make sure the code is complete and runnable.

Let me also double check technical accuracy of details:
- `@SpringBootApplication` = `@SpringBootConfiguration` + `@EnableAutoConfiguration` + `@ComponentScan`(with default filters). Yes, that's right.
- AutoConfigurationImportSelector — correct class name.
- `.imports` path: `META-INF/spring/org.springframework.boot.autoconfigure.AutoConfiguration.imports` — correct.
- 2.7 introduced the new file, and 2.7 still supported spring.factories; 3.0 removed spring.factories support for auto-configuration. Correct.
- `@AutoConfiguration` added in 2.7. Correct.
- `@AutoConfiguration` is meta-annotated with `@Configuration(proxyBeanMethods = false)`. Correct.
- HikariCP default pool. Correct.
- spring-boot-autoconfigure jar path. Correct.
- `@ConditionalOnProperty` attributes: name, havingValue, matchIfMissing. Correct.
- CommandLineRunner lambda returning: `@Bean CommandLineRunner runner(MyService myService) { return args -> ...; }` — valid.
- The demo with spring-boot-starter (no web) — fine, no web needed. The manifest file under src/main/resources/META-INF/spring/... works in the same app. Correct.
- One caveat: putting the auto-config class in the same project but outside component-scan package. Correct approach for demo.

`@ImportAutoConfiguration` — I'm fairly confident it exists in `org.springframework.boot.autoconfigure` and is used with `@SpringBootTest` / slice tests. I'll mention it with a light hedge.

Alright, write the answer. Plain language, analogy hotel. Keep formatting with headers. Length: moderately long is fine, but I should avoid being absurdly long for a third repeat. I'll aim for something comparable but slightly tighter, and explicitly flag the new bits.

I should probably not belabor "you asked this before" — but a one-line note is fine and avoids seeming like a canned copy-paste. Actually 别写客套话 — a very brief note is useful. I'll say: "这问题你问第三次了，我换个比方讲，顺手补两个前面没提的点。" That's honest and useful.

Let me write it.
【回答】
这问题你问第三次了。我换个比方重讲一遍，顺手补两个前面没提到的点。

**结论先摆出来：Spring Boot 自动配置，就是启动时翻一份"清单文件"，清单上登记着一堆别人早就写好、平时藏着的配置类。Spring Boot 挨个给它们做"条件体检"，体检合格的才动手替你把对象创建好、放进容器。你一行配置都没写却能跑，不是你厉害，是别人把配置提前写好了。**

## 换个比方：自动配置像住酒店

你办了入住（启动项目），**从来没跟酒店说要什么**，但房间里该有的都有了：

- 前台看你订的是**大床房**（你引了 `spring-boot-starter-web`）→ 给你放两套洗漱用品、安排双份早餐券
- 你自己**带了牙刷**（你自己定义了同类型的 Bean）→ 那我不放了，让着你
- 你订的房型**压根不含早餐**（依赖没引进来）→ 这事我不管

前台手里那张**房型对照表**，在代码里叫**清单文件**。放在包裹上的条件标签，叫**条件注解**。

先把几个词用一句话说清：

- **Bean**：交给 Spring 容器创建和管理的对象。你自己 `new` 出来的不算。
- **Spring 容器**：装 Bean 的大盒子。启动时往里放，用的时候从里拿。
- **自动配置类**：Spring Boot 提前写好的配置类，作用是帮你创建某些 Bean。
- **条件注解**：写在类或方法上的判断条件，比如"项目里有某个类才生效""你没自己定义才生效"。
- **类路径**：Maven 下载回来那堆 jar 包，程序运行时能直接用的东西。
- **starter**：依赖套装，引一个等于引一串相关 jar。
- **全限定名**：包名加类名，比如 `com.example.autoconfig.MyAutoConfiguration`。清单文件里必须写全，少一段都找不着。

## 新知识点一：自动配置的大本营，在一个单独的 jar 里

前面没说过这个。内置的自动配置类**并不是散落在各个 jar 里**，它们全都装在同一个包里：

```
spring-boot-autoconfigure-3.2.5.jar
```

**这个 jar 和 `spring-boot-starter` 是两个东西。** `spring-boot-starter` 是个空壳，只负责把依赖凑一块儿；真正装着"配置模板"的是 `spring-boot-autoconfigure`，它被 starter 间接带进来。

所以你在项目里能找到的那个 `AutoConfiguration.imports` 清单文件，其实**有两个来源**：

1. **Spring Boot 自己的**——在 `spring-boot-autoconfigure` jar 里，一百多行，内置配置全在这
2. **你自己写的**——在你项目的 `resources/META-INF/spring/` 下

启动时它把**所有 jar 里**的这份清单都收上来，合成一张总表一起评估。这也是为什么"引个第三方 starter，配置就自动有了"——那个 starter 的 jar 里也塞了一份自己的清单文件。

## 启动那几秒，走了这七步

1. 启动类上写了 `@SpringBootApplication`。
2. 这个注解**里面包着三样东西**：`@SpringBootConfiguration`（我是个配置类）、`@ComponentScan`（扫我自己包下面的组件）、`@EnableAutoConfiguration`（**自动配置的总开关**）。
3. 总开关派了个"读清单的人"（`AutoConfigurationImportSelector`）去办事。
4. 它翻遍项目依赖的**每一个 jar 包**，把里面的清单文件全收上来，登记过的配置类名字读进内存。
5. 这些类**不是全都生效**，挨个做条件判断（就是那个"体检"）。
6. 判断通过的，执行它里面的 `@Bean` 方法，对象进容器。
7. 于是你写 `@Autowired`（自动注入，就是"从容器里把对象塞给我"）就能拿到了。

原理就这么点，剩下全是细节。

## 清单文件在哪：版本坑，记牢

| Spring Boot 版本 | 清单文件位置 |
|---|---|
| 2.7 及以后（含 3.x） | `META-INF/spring/org.springframework.boot.autoconfigure.AutoConfiguration.imports` |
| 2.6 及更早 | `META-INF/spring.factories`，键名是 `org.springframework.boot.autoconfigure.EnableAutoConfiguration` |

> 说准确点：2.7 是过渡版本，两种写法都认；**3.0 起只认 `.imports`，`spring.factories` 里那个键不再支持**。照着三年前的老教程做死活跑不通，十次有八次栽在这。

常用条件注解，大白话版：

| 注解 | 意思 |
|---|---|
| `@ConditionalOnClass` | 项目里有某个类，才生效 |
| `@ConditionalOnMissingBean` | 你自己没定义这个 Bean，我才创建 |
| `@ConditionalOnBean` | 容器里已经有某个 Bean，我才生效 |
| `@ConditionalOnProperty` | 某个配置项满足条件，才生效 |
| `@ConditionalOnWebApplication` | 当前是 Web 项目，才生效 |

## 亲手造一个自动配置，眼见为实

目标：你**绝不写**创建 `MyService` 的代码，但启动后照样能拿到它。

环境：Spring Boot 3.2.5 + Java 17。

> 电脑上只有 Java 8？把父工程版本改成 `2.7.18`，`java.version` 改成 `1.8`，代码一个字不用动。

目录结构：

```
autoconfig-demo/
├── pom.xml
└── src/main/
    ├── java/com/example/
    │   ├── app/DemoApplication.java
    │   └── autoconfig/
    │       ├── MyService.java
    │       └── MyAutoConfiguration.java
    └── resources/
        ├── application.properties
        └── META-INF/spring/
            └── org.springframework.boot.autoconfigure.AutoConfiguration.imports
```

### 1. `pom.xml`

```xml
<?xml version="1.0" encoding="UTF-8"?>
<project xmlns="http://maven.apache.org/POM/4.0.0"
         xmlns:xsi="http://www.w3.org/2001/XMLSchema-instance"
         xsi:schemaLocation="http://maven.apache.org/POM/4.0.0 https://maven.apache.org/xsd/maven-4.0.0.xsd">

    <modelVersion>4.0.0</modelVersion>

    <!-- 父工程：统一管好各依赖的版本号，所以下面的依赖能省掉 version -->
    <parent>
        <groupId>org.springframework.boot</groupId>
        <artifactId>spring-boot-starter-parent</artifactId>
        <version>3.2.5</version>
        <relativePath/>
    </parent>

    <groupId>com.example</groupId>
    <artifactId>autoconfig-demo</artifactId>
    <version>1.0.0</version>

    <properties>
        <java.version>17</java.version>
    </properties>

    <dependencies>
        <!-- 最基础的 starter，不带 web，演示够用了 -->
        <dependency>
            <groupId>org.springframework.boot</groupId>
            <artifactId>spring-boot-starter</artifactId>
        </dependency>
    </dependencies>

    <build>
        <plugins>
            <plugin>
                <groupId>org.springframework.boot</groupId>
                <artifactId>spring-boot-maven-plugin</artifactId>
            </plugin>
        </plugins>
    </build>
</project>
```

### 2. `MyService.java` —— 等着被自动创建的那个对象

```java
package com.example.autoconfig;

// 就是个普通类，身上一个 Spring 注解都没有
public class MyService {

    private final String message;

    public MyService(String message) {
        this.message = message;
    }

    public String getMessage() {
        return message;
    }
}
```

### 3. `MyAutoConfiguration.java` —— 自动配置类

注意它在 `com.example.autoconfig` 包，**故意不放在启动类所在的 `com.example.app` 下面**。为什么，踩坑第 3 条讲。

```java
package com.example.autoconfig;

import org.springframework.boot.autoconfigure.AutoConfiguration;
import org.springframework.boot.autoconfigure.condition.ConditionalOnMissingBean;
import org.springframework.boot.autoconfigure.condition.ConditionalOnProperty;
import org.springframework.context.annotation.Bean;

@AutoConfiguration   // 声明：我是个自动配置类（2.7 起才有这个注解）
@ConditionalOnProperty(
        name = "my.auto.enabled",  // 去看配置里的这个开关
        havingValue = "true",      // 等于 true 才生效
        matchIfMissing = true      // 这个配置项压根没写时，也算满足
)
public class MyAutoConfiguration {

    @Bean   // 这个方法的返回值交给 Spring 容器管
    @ConditionalOnMissingBean(MyService.class)
    // 上一行是核心：容器里还没有 MyService 我才创建；你已经有了，我就退让
    public MyService myService() {
        return new MyService("我是自动配置帮你创建的");
    }
}
```

### 4. 清单文件

路径和文件名**必须一字不差**：

```
src/main/resources/META-INF/spring/org.springframework.boot.autoconfigure.AutoConfiguration.imports
```

内容就一行，写自动配置类的全限定名：

```
com.example.autoconfig.MyAutoConfiguration
```

这行的意思：告诉 Spring Boot，启动时把我这个类也加载进来评估一下。

### 5. `application.properties`

```properties
my.auto.enabled=true
```

### 6. 启动类 `DemoApplication.java`

```java
package com.example.app;

import com.example.autoconfig.MyService;
import org.springframework.boot.CommandLineRunner;
import org.springframework.boot.SpringApplication;
import org.springframework.boot.autoconfigure.SpringBootApplication;
import org.springframework.context.annotation.Bean;

@SpringBootApplication
public class DemoApplication {

    public static void main(String[] args) {
        SpringApplication.run(DemoApplication.class, args);
    }

    // CommandLineRunner：启动完成后自动执行一次，拿它来打印证据
    @Bean
    public CommandLineRunner runner(MyService myService) {
        // 关键在这：我没定义 MyService，它只是方法参数，
        // Spring 会自动从容器里找到它塞进来
        return args -> System.out.println("启动后拿到的 MyService: " + myService.getMessage());
    }
}
```

### 7. 运行

项目根目录执行：

```bash
mvn spring-boot:run
```

输出：

```
启动后拿到的 MyService: 我是自动配置帮你创建的
```

**证据就在这**：整个 `DemoApplication` 里你没写过一句创建 `MyService` 的代码，可 `runner` 的参数就是拿到了它。

## 验证"你写了，它就退让"

把启动类改成这样，自己定义 `MyService`：

```java
package com.example.app;

import com.example.autoconfig.MyService;
import org.springframework.boot.CommandLineRunner;
import org.springframework.boot.SpringApplication;
import org.springframework.boot.autoconfigure.SpringBootApplication;
import org.springframework.context.annotation.Bean;

@SpringBootApplication
public class DemoApplication {

    public static void main(String[] args) {
        SpringApplication.run(DemoApplication.class, args);
    }

    // 我自己定义 MyService，抢先占坑
    @Bean
    public MyService myService() {
        return new MyService("我是你手动定义的，自动配置退让了");
    }

    @Bean
    public CommandLineRunner runner(MyService myService) {
        return args -> System.out.println("启动后拿到的 MyService: " + myService.getMessage());
    }
}
```

再跑，输出变成：

```
启动后拿到的 MyService: 我是你手动定义的，自动配置退让了
```

原因就是自动配置类上那句：

```java
@ConditionalOnMissingBean(MyService.class)
```

翻译成人话：**"容器里没有 `MyService` 我才创建，有了我就不插手。"** 你先占坑，它就不抢。

这是 Spring Boot 的一条铁规矩：**你的配置永远优先于自动配置，它天生是备胎。**

## 拿真实例子对一遍，原理一模一样

你加了：

```xml
<dependency>
    <groupId>org.springframework.boot</groupId>
    <artifactId>spring-boot-starter-web</artifactId>
</dependency>
```

Spring Boot 就去判断：

- 类路径里有 Tomcat 相关的类吗？有。
- 有 Spring MVC 的核心类吗？有。
- 当前是 Web 项目吗？是。

三条全过 → 自动配好内嵌 Tomcat + Spring MVC。所以你只写一个 `@RestController`，不用自己装 Tomcat，浏览器直接就能访问。

再比如你只配了几行数据库连接信息：

```properties
spring.datasource.url=jdbc:mysql://localhost:3306/test
spring.datasource.username=root
spring.datasource.password=123456
```

它判断：有 `DataSource` 这个类、你自己没定义 `DataSource`、连接信息也给了 → 自动帮你建好连接池（默认是 HikariCP）。

你一行配置类都没写，连接池就是有了。跟上面那个 `MyService` 的例子一个道理，只是量大得多。

## 新知识点二：想让某个自动配置"只出现一次"

前面没提这个。同一个 `@Bean` 被两个地方定义，启动会直接报错（`BeanDefinitionOverrideException`，意思是"同一个名字的 Bean 被定义了两次"）。**自动配置类里那些 `@ConditionalOnMissingBean`，本质上就是官方在主动避免这类冲突**——它宁可自己不出手，也不跟你抢。

反过来说：**你到处看到 `@ConditionalOnMissingBean`，就说明官方默认"用户优先"。** 你自己写要被别人复用的配置类时，也该照这个思路加一句。

另外顺带一提，Spring Boot 提供了 `@ImportAutoConfiguration` 这个注解，可以只挑几个指定的自动配置类引进来，常见于测试场景（不想让全套自动配置都启动）。它存在、能这么用，但细节我不展开，也不瞎猜。

## 想亲眼看见"清单文件"，这么干

不用猜，jar 包解开就能看。本地仓库里（Windows 一般在 `C:\Users\你的用户名\.m2\repository`，Mac/Linux 在 `~/.m2/repository`）找到：

```
org/springframework/boot/spring-boot-autoconfigure/3.2.5/spring-boot-autoconfigure-3.2.5.jar
```

把 `.jar` 改成 `.zip` 解压，进 `META-INF/spring/` 目录，看那个 `.imports` 文件——一行一个自动配置类的名字，一百多行。**Spring Boot 一百多套自动配置，全登记在这一张表上。**

## 踩坑点，直接点破

1. **自动配置不是猜的，是靠"看"。** 看依赖在不在、看配置有没有、看你有没有自己定义。三样对不上，它一动不动。

2. **清单文件位置随版本变。** 2.7 及以后用 `.imports`；2.6 及更早用 `spring.factories`。老教程最容易死这。

3. **自己写的自动配置类，别放在启动类的扫描范围里。** 启动类默认扫自己所在包及其子包。你要是把它塞进 `com.example.app` 下面，它会被普通组件扫描加载一次，又被清单文件加载一次，可能重复、报错、行为诡异。**单独放一个包，只让清单文件去加载它。**

4. **"我配了但没生效"，第一件事是看条件评估报告。** 命令行加：

   ```bash
   mvn spring-boot:run -Dspring-boot.run.arguments=--debug
   ```

   或者配置里写一行：

   ```properties
   debug=true
   ```

   启动日志会多出一份 **Condition Evaluation Report**（条件评估报告），分"匹配上了"和"没匹配上"两拨，逐条告诉你哪个自动配置为什么没生效。排查这类问题，这招最省时间，比瞎猜强一百倍。

5. **想覆盖自动配置的 Bean，Bean 名字最好也对上。** 多数地方类型对上就行，但有一部分自动配置是按 Bean 名字找的，名字不对就覆盖不掉。稳妥做法：自定义 Bean 时名字取得和自动配置里一样。

6. **`@ConditionalOnMissingBean` 有顺序讲究。** 它判断的是"**此刻**容器里有没有"。如果它比某个 Bean 注册得还早，判断就可能失真。所以官方给了 `@AutoConfigureOrder`、`@AutoConfigureBefore`、`@AutoConfigureAfter` 来定先后。自己写着玩一般碰不到，但要做 starter 给别人用，这个必须处理。

7. **`@AutoConfiguration` 注解 2.7 才有。** 项目是 2.6 或更早，得用老写法 `@Configuration`，并在 `spring.factories` 里登记。

8. **自动配置类本身也是配置类。** `@AutoConfiguration` 内部就是 `@Configuration(proxyBeanMethods = false)`，意思是"我这里面不靠方法互相调用"，启动更快。你自己写时别再叠一个 `@Configuration`。

9. **清单文件里只能写配置类，别写普通业务类。** 你把一个 `@Service` 写进去，它会被当成自动配置类处理，加载时机和普通方式不一样，容易出怪问题。清单文件只给"要给别人复用的自动配置"用。

10. **记住了：自动配置 ≠ 帮你写代码。** 它不会给你生成 Service、Controller，也不会替你写业务逻辑。它只干一件事——**在合适的条件下，把基础设施类的对象放进容器**。业务代码永远得你自己写。

---

一句话收尾：

**Spring Boot 自动配置 = 读清单文件 + 做条件判断 + 满足就替你创建 Bean。你满足了它才出手，你自己定义了它就退让。**

它一点都不神秘，就是把"看情况帮你配置"这件事写成了代码而已。
===== done，正文 10646 字，耗时 23110ms =====
]]></system-out>
  </testcase>
</testsuite>