<?xml version="1.0" encoding="UTF-8"?>
<testsuite xmlns:xsi="http://www.w3.org/2001/XMLSchema-instance" xsi:noNamespaceSchemaLocation="https://maven.apache.org/surefire/maven-surefire-plugin/xsd/surefire-test-report.xsd" version="3.0.2" name="com.example.domain.browser.BrowserSessionProviderTest" time="7.514" tests="6" errors="0" skipped="0" failures="0" flakes="0">
  <properties>
[...]
</properties>
  <testcase name="siteNotInList_staysAnonymous(Path)" classname="com.example.domain.browser.BrowserSessionProviderTest" time="1.824">
    <system-out><![CDATA[===== 名单外的站点 =====
模式=HEADLESS，来源=无头浏览器（未登录）
]]></system-out>
  </testcase>
  <testcase name="siteInList_usesItsOwnStateFile(Path)" classname="com.example.domain.browser.BrowserSessionProviderTest" time="1.293">
    <system-out><![CDATA[===== 命中站点名单 =====
模式=STORED，来源=已登录浏览器（存档 /tmp/junit-12019223129384039512/www.example.com.json）
]]></system-out>
  </testcase>
  <testcase name="noLoginConfigured_fallsBackToHeadless" classname="com.example.domain.browser.BrowserSessionProviderTest" time="0.796">
    <system-out><![CDATA[===== 未配登录态 =====
模式=HEADLESS，来源=无头浏览器（未登录）
]]></system-out>
  </testcase>
  <testcase name="rejectsNonHttpUrl" classname="com.example.domain.browser.BrowserSessionProviderTest" time="0.005"/>
  <testcase name="cdpConfiguredButChromeNotListening_reportsHumanReadableError" classname="com.example.domain.browser.BrowserSessionProviderTest" time="0.017">
    <system-out><![CDATA[===== 配了端口但 Chrome 没开调试端口 =====
]]></system-out>
  </testcase>
  <testcase name="siteInListButStateMissing_fallsBackToAnonymous(Path)" classname="com.example.domain.browser.BrowserSessionProviderTest" time="1.157">
    <system-out><![CDATA[2026-09-18T17:34:29.755+08:00  WARN 194250 --- [JLRADemo] [           main] c.e.d.browser.BrowserSessionProvider     : www.example.com 在名单里，但存档 /tmp/junit-7107397323416927006/www.example.com.json 还没存过，改用匿名无头。想用存档的话：登录好之后跑 mvn -o -q compile exec:java
]]></system-out>
  </testcase>
</testsuite>