<?xml version="1.0" encoding="UTF-8"?>
<testsuite xmlns:xsi="http://www.w3.org/2001/XMLSchema-instance" xsi:noNamespaceSchemaLocation="https://maven.apache.org/surefire/maven-surefire-plugin/xsd/surefire-test-report.xsd" version="3.0.2" name="com.example.service.AIChatServiceChatTest" time="140.999" tests="1" errors="0" skipped="0" failures="0" flakes="0">
  <properties>
[...]
</properties>
  <testcase name="chat" classname="com.example.service.AIChatServiceChatTest" time="124.874">
    <system-out><![CDATA[15:52:21.537 [main] INFO org.springframework.test.context.support.AnnotationConfigContextLoaderUtils -- Could not detect default configuration classes for test class [com.example.service.AIChatServiceChatTest]: AIChatServiceChatTest does not declare any static, non-private, non-final, nested classes annotated with @Configuration.
15:52:21.904 [main] INFO org.springframework.boot.test.context.SpringBootTestContextBootstrapper -- Found @SpringBootConfiguration com.example.DemoApplication for test class com.example.service.AIChatServiceChatTest
===== 提问：给我截取一张https://wx.zsxq.com/group/51121244585524的长图 =====
截图这次成功了，路径是：

```
/home/lyz/图片/Long photos/wx.zsxq.com_20260918-155411.png
```

但我得把不对劲的地方直接告诉你，别等你打开才发现。

## 这张图的数据看着不正常

工具返回的尺寸是 **1280 × 239343 像素**，体积 **22950.8 KB（约 22.4 MB）**，耗时 111.5 秒。

一个正常网页，整页高度撑死几千像素。**239343 像素，是正常页面的几十上百倍。** 我怀疑这张图是坏的，或者至少不是你想要的那种"一页长图"。

## 为什么会出现这种情况

知识星球这类页面是**往下滚就自动加载更多**（这叫无限滚动）。而截长图的原理是：滚一段、拍一段、拼起来，直到滚不动为止。

两者一撞就出事：

- 页面永远滚不到底，工具就一直滚、一直拼
- 高度就这么被撑到了 23 万像素
- 那个 111.5 秒的耗时也是旁证——正常页面截图也就几秒

所以这张图里很可能：**中段开始出现大面积的重复内容，或者干脆是同一屏被重复拼接了几十次。** 这只是我的推测，我没法打开这个文件看，所以不能替你确认。

## 实际会踩的坑

1. **很多看图软件直接打不开。** 22 MB、23 万像素高，Windows 照片查看器之类的一开就卡死或报错。
2. **图片编辑器多半开不了。** Photoshop 单边上限是 30000 像素，差了将近 8 倍，必然拒绝。其它编辑器也有各自上限。
3. **你要是想发给人，基本发不出去。** 微信、QQ 传图都有尺寸和体积限制。
4. **想压缩也很难救。** 高度这么离谱，缩小之后字就糊成一片，等于没用。

## 我的建议

**别把这张图当成最终成品，先这样验证一下：**

用能看到图像信息的工具（`file` 命令、或者能显示尺寸的看图软件）打开它，看它是不是特别长的一条。然后**只截取你觉得有用的那一段**——我猜你真正要的内容，只占这张图最上面很小一部分。

如果你要的内容就是某一个帖子或某一屏，那更省事的做法是：**告诉我你具体想看什么内容，我直接把页面上的文字读出来给你**，比一张 23 万像素、可能重复几百遍的图有用得多。

要不要我换个方式帮你取内容？
===== 正文 970 字，耗时 122911ms =====
]]></system-out>
  </testcase>
</testsuite>