<?xml version="1.0" encoding="UTF-8"?>
<testsuite xmlns:xsi="http://www.w3.org/2001/XMLSchema-instance" xsi:noNamespaceSchemaLocation="https://maven.apache.org/surefire/maven-surefire-plugin/xsd/surefire-test-report.xsd" version="3.0.2" name="com.example.service.AIChatServiceStreamTest" time="13.662" tests="1" errors="0" skipped="0" failures="0" flakes="0">
  <properties>
[...]
</properties>
  <testcase name="stream" classname="com.example.service.AIChatServiceStreamTest" time="13.645">
    <system-out><![CDATA[===== 提问：用大白话讲讲 Spring Boot 的自动配置是怎么生效的。 =====

【思考】
The user is asking the same question as before, about Spring Boot auto-configuration. I already answered this thoroughly in a previous turn. I should answer again — but should I just repeat? The user is asking the same question again. Honestly, since the previous answer exists, I should give the answer. But I shouldn't just copy verbatim... Actually, it's fine to give a solid answer. Let me just answer the question well. Maybe I can present it a bit differently/freshly but keep it complete and correct.

Let me write a good answer. Include the conclusion first, then step by step, with runnable code, key comments, and pitfalls.

One thing I should be careful about: accuracy on the version details. Let me be careful:
- Spring Boot 2.7 introduced `@AutoConfiguration` annotation and the new `AutoConfiguration.imports` file. In 2.7, the new file is supported and `spring.factories` still works (deprecated for auto-config). In Spring Boot 3.0, `spring.factories` support for auto-configuration was removed.
- `@AutoConfiguration` = `@Configuration(proxyBeanMethods = false)` + `@AutoConfigureBefore/After`.
- `@SpringBootApplication` includes `@EnableAutoConfiguration`.
- `AutoConfigurationImportSelector` — actually in 2.7+ it's `AutoConfigurationImportSelector` which delegates to `ImportCandidates.load(...)`.
- Version of spring-boot-starter-parent — I'll use 3.2.5 with Java 17, consistent with earlier. Fine.

I should be honest that the earlier turn already answered this, but the instruction says don't be chatty/客套. I'll just answer. Maybe one line noting this was covered before and I'll re-give it in a slightly tighter form? The instruction says "别跑题，只回答用户问的那件事" — so just answer. I'll answer, maybe with a brief note. Actually simplest: just answer well.

Let me write it. I'll keep the good structure and correct details. I'll make the code complete and runnable.

I need to double-check the debug property: `debug=true` in application.properties prints the auto-configuration report. Yes.

Also `--debug` as command line arg works.

Let me also double check: `@ConditionalOnMissingBean` on a `@Bean` method inside an auto-configuration - ordering matters. Yes, that's why `@AutoConfigureBefore/After` and `@AutoConfigureOrder` exist.

Also worth noting: in Spring Boot 3, `spring-boot-starter` includes spring-boot-autoconfigure, spring-boot-starter-logging, spring-core, snakeyaml. Yes.

Let me write the answer.
【回答】
结论先摆出来：**Spring Boot 自动配置，说白了就是启动时翻一份"清单文件"，清单上登记着一堆别人早就写好的配置类；Spring Boot 挨个给它们做"条件判断"，条件满足了就顺手把对象替你创建好，放进容器。你一行配置都没写却能跑，不是你厉害，是别人把配置提前写好了，Spring Boot 只负责"看情况挑着用"。**

打个比方，它就是你家请的**智能管家**。你搬进新家（项目启动），它不问你想要啥，自己先转一圈：

- 看见你买了洗衣机（引了 web 依赖）→ 自动给你接水管、装地漏（配好 Tomcat 和 Spring MVC）
- 发现你自己已经装了净水器（你自己定义了同类对象）→ 那我不装了，让着你
- 你家压根没买洗碗机（依赖没引）→ 这事我不管

管家手里那张"检查清单"，在代码里就叫**条件注解**。

先把几个词用一句话说清，第一次听也能懂：

- **Bean**：交给 Spring 容器创建和管理的对象。你自己 `new` 出来的不算。
- **Spring 容器**：装 Bean 的大盒子。启动时往里放，用的时候从里拿。
- **自动配置类**：Spring Boot 提前写好的配置类，作用是帮你创建某些 Bean。
- **条件注解**：写在类或方法上的判断条件，比如"项目里有某个类才生效""你没自己定义才生效"。
- **类路径**：Maven 下载回来那堆 jar 包，程序运行时能直接用的东西。
- **starter**：依赖套装，引一个等于引一串相关 jar。`spring-boot-starter-web` 一次把 web 那一套全带进来。

---

## 一、启动那几秒里，发生了这七步

1. 启动类上写了 `@SpringBootApplication`。
2. 这个注解**里面包着** `@EnableAutoConfiguration`——自动配置的总开关。
3. 总开关派了个"读清单的人"（`AutoConfigurationImportSelector`）去办事。
4. 它翻遍项目依赖的**每一个 jar 包**，把藏在里面的清单文件找出来，登记过的配置类名字全读出来。
5. 这些类**不是全都生效**，Spring Boot 挨个做条件判断。
6. 判断通过的，执行它里面的 `@Bean` 方法，对象进容器。
7. 于是你写 `@Autowired`（自动注入，就是"从容器里把对象塞给我"）就能拿到了。

原理就这么点，剩下的都是细节。

---

## 二、清单文件在哪：这是版本坑，记牢

| Spring Boot 版本 | 清单文件位置 |
|---|---|
| 2.7 及以后（含 3.x） | `META-INF/spring/org.springframework.boot.autoconfigure.AutoConfiguration.imports` |
| 2.6 及更早 | `META-INF/spring.factories`，键名是 `org.springframework.boot.autoconfigure.EnableAutoConfiguration` |

> 说准确点：2.7 是过渡版本，两种写法都认；**3.0 起只认 `.imports`，老写法直接删掉了**。照着三年前的老教程做死活跑不通，十次有八次栽在这。

常用条件注解，大白话版：

| 注解 | 意思 |
|---|---|
| `@ConditionalOnClass` | 项目里有某个类，才生效 |
| `@ConditionalOnMissingBean` | 你自己没定义这个 Bean，我才创建 |
| `@ConditionalOnBean` | 容器里已经有某个 Bean，我才生效 |
| `@ConditionalOnProperty` | 某个配置项满足条件，才生效 |
| `@ConditionalOnWebApplication` | 当前是 Web 项目，才生效 |

---

## 三、亲手造一个自动配置，眼见为实

目标：你**绝不写**创建 `MyService` 的代码，但启动后照样能拿到它。

环境：Spring Boot 3.2.5 + Java 17。

> 电脑上只有 Java 8？把父工程版本改成 `2.7.18`，`java.version` 改成 `1.8`，代码一个字不用动。

目录结构：

```
autoconfig-demo/
├── pom.xml
└── src/main/
    ├── java/com/example/
    │   ├── app/DemoApplication.java
    │   └── autoconfig/
    │       ├── MyService.java
    │       └── MyAutoConfiguration.java
    └── resources/
        ├── application.properties
        └── META-INF/spring/
            └── org.springframework.boot.autoconfigure.AutoConfiguration.imports
```

### 1. `pom.xml`

```xml
<?xml version="1.0" encoding="UTF-8"?>
<project xmlns="http://maven.apache.org/POM/4.0.0"
         xmlns:xsi="http://www.w3.org/2001/XMLSchema-instance"
         xsi:schemaLocation="http://maven.apache.org/POM/4.0.0 https://maven.apache.org/xsd/maven-4.0.0.xsd">

    <modelVersion>4.0.0</modelVersion>

    <!-- 父工程：统一管好各依赖的版本号，所以下面的依赖能省掉 version -->
    <parent>
        <groupId>org.springframework.boot</groupId>
        <artifactId>spring-boot-starter-parent</artifactId>
        <version>3.2.5</version>
        <relativePath/>
    </parent>

    <groupId>com.example</groupId>
    <artifactId>autoconfig-demo</artifactId>
    <version>1.0.0</version>

    <properties>
        <java.version>17</java.version>
    </properties>

    <dependencies>
        <!-- 最基础的 starter，不带 web，演示够用了 -->
        <dependency>
            <groupId>org.springframework.boot</groupId>
            <artifactId>spring-boot-starter</artifactId>
        </dependency>
    </dependencies>

    <build>
        <plugins>
            <plugin>
                <groupId>org.springframework.boot</groupId>
                <artifactId>spring-boot-maven-plugin</artifactId>
            </plugin>
        </plugins>
    </build>
</project>
```

### 2. `MyService.java` —— 等着被自动创建的那个对象

```java
package com.example.autoconfig;

// 就是个普通类，身上一个 Spring 注解都没有
public class MyService {

    private final String message;

    public MyService(String message) {
        this.message = message;
    }

    public String getMessage() {
        return message;
    }
}
```

### 3. `MyAutoConfiguration.java` —— 自动配置类

注意它在 `com.example.autoconfig` 包，**故意不放在启动类所在的 `com.example.app` 下面**。为什么，后面踩坑里讲。

```java
package com.example.autoconfig;

import org.springframework.boot.autoconfigure.AutoConfiguration;
import org.springframework.boot.autoconfigure.condition.ConditionalOnMissingBean;
import org.springframework.boot.autoconfigure.condition.ConditionalOnProperty;
import org.springframework.context.annotation.Bean;

@AutoConfiguration   // 声明：我是个自动配置类（2.7 起才有这个注解）
@ConditionalOnProperty(
        name = "my.auto.enabled",  // 去看配置里的这个开关
        havingValue = "true",      // 等于 true 才生效
        matchIfMissing = true      // 这个配置项压根没写时，也算满足
)
public class MyAutoConfiguration {

    @Bean   // 这个方法的返回值交给 Spring 容器管
    @ConditionalOnMissingBean(MyService.class)
    // 上一行是核心：容器里还没有 MyService 我才创建；你已经有了，我就退让
    public MyService myService() {
        return new MyService("我是自动配置帮你创建的");
    }
}
```

### 4. 清单文件

路径和文件名**必须一字不差**：

```
src/main/resources/META-INF/spring/org.springframework.boot.autoconfigure.AutoConfiguration.imports
```

内容就一行，写自动配置类的全名（包名 + 类名）：

```
com.example.autoconfig.MyAutoConfiguration
```

这行的意思：告诉 Spring Boot，启动时把我这个类加载进来评估一下。

### 5. `application.properties`

```properties
my.auto.enabled=true
```

### 6. 启动类 `DemoApplication.java`

```java
package com.example.app;

import com.example.autoconfig.MyService;
import org.springframework.boot.CommandLineRunner;
import org.springframework.boot.SpringApplication;
import org.springframework.boot.autoconfigure.SpringBootApplication;
import org.springframework.context.annotation.Bean;

@SpringBootApplication
public class DemoApplication {

    public static void main(String[] args) {
        SpringApplication.run(DemoApplication.class, args);
    }

    // CommandLineRunner：启动完成后自动执行一次，拿它来打印证据
    @Bean
    public CommandLineRunner runner(MyService myService) {
        // 关键在这：我没定义 MyService，它只是方法参数，
        // Spring 会自动从容器里找到它塞进来
        return args -> System.out.println("启动后拿到的 MyService: " + myService.getMessage());
    }
}
```

### 7. 运行

项目根目录执行：

```bash
mvn spring-boot:run
```

输出：

```
启动后拿到的 MyService: 我是自动配置帮你创建的
```

**证据就在这**：整个 `DemoApplication` 里你没写过一句创建 `MyService` 的代码，可 `runner` 的参数就是拿到了它。整条链条是——读清单文件 → 加载 `MyAutoConfiguration` → 条件全满足 → `@Bean` 方法执行 → `MyService` 进容器。

---

## 四、验证"你写了，它就退让"

把启动类改成这样，自己定义 `MyService`：

```java
package com.example.app;

import com.example.autoconfig.MyService;
import org.springframework.boot.CommandLineRunner;
import org.springframework.boot.SpringApplication;
import org.springframework.boot.autoconfigure.SpringBootApplication;
import org.springframework.context.annotation.Bean;

@SpringBootApplication
public class DemoApplication {

    public static void main(String[] args) {
        SpringApplication.run(DemoApplication.class, args);
    }

    // 我自己定义 MyService，抢先占坑
    @Bean
    public MyService myService() {
        return new MyService("我是你手动定义的，自动配置退让了");
    }

    @Bean
    public CommandLineRunner runner(MyService myService) {
        return args -> System.out.println("启动后拿到的 MyService: " + myService.getMessage());
    }
}
```

再跑，输出变成：

```
启动后拿到的 MyService: 我是你手动定义的，自动配置退让了
```

原因就是自动配置类上那句：

```java
@ConditionalOnMissingBean(MyService.class)
```

翻译成人话：**"容器里没有 `MyService` 我才创建，有了我就不插手。"** 你先占坑，它就不抢。

这是 Spring Boot 的一条铁规矩：**你的配置永远优先于自动配置，它天生是备胎。**

---

## 五、拿真实例子对一遍，原理一模一样

你加了：

```xml
<dependency>
    <groupId>org.springframework.boot</groupId>
    <artifactId>spring-boot-starter-web</artifactId>
</dependency>
```

Spring Boot 就去判断：

- 类路径里有 Tomcat 相关的类吗？有。
- 有 Spring MVC 的核心类吗？有。
- 当前是 Web 项目吗？是。

三条全过 → 自动配好内嵌 Tomcat + Spring MVC。所以你只写一个 `@RestController`，不用自己装 Tomcat，浏览器直接就能访问。

再比如你只配了几行数据库连接信息：

```properties
spring.datasource.url=jdbc:mysql://localhost:3306/test
spring.datasource.username=root
spring.datasource.password=123456
```

它判断：有 `DataSource` 这个类、你自己没定义 `DataSource`、连接信息也给了 → 自动帮你建好连接池（默认是 HikariCP）。

你一行配置类都没写，连接池就是有了。跟上面那个 `MyService` 的例子一个道理，只是量大得多。

---

## 六、想亲眼看见"清单文件"，这么干

不用猜，jar 包解开就能看。本地仓库里（Windows 一般在 `C:\Users\你的用户名\.m2\repository`，Mac/Linux 在 `~/.m2/repository`）找到：

```
org/springframework/boot/spring-boot-autoconfigure/3.2.5/spring-boot-autoconfigure-3.2.5.jar
```

把 `.jar` 改成 `.zip` 解压，进 `META-INF/spring/` 目录，看那个 `.imports` 文件——一行一个自动配置类的名字，一百多行。**Spring Boot 一百多套自动配置，全登记在这一张表上。**

---

## 七、踩坑点，直接点破

1. **自动配置不是猜的，是靠"看"。** 看依赖在不在、看配置有没有、看你有没有自己定义。三样对不上，它一动不动。

2. **清单文件位置随版本变。** 2.7 及以后用 `.imports`；2.6 及更早用 `spring.factories`。老教程最容易死这。

3. **自己写的自动配置类，别放在启动类的扫描范围里。** 启动类默认扫自己所在包及其子包。你要是把它塞进 `com.example.app` 下面，它会被普通组件扫描加载一次，又被清单文件加载一次，可能重复、报错、行为诡异。**单独放一个包，只让清单文件去加载它。**

4. **"我配了但没生效"，第一件事是看条件评估报告。** 命令行加：

   ```bash
   mvn spring-boot:run -Dspring-boot.run.arguments=--debug
   ```

   或者配置里写一行：

   ```properties
   debug=true
   ```

   启动日志会多出一份 **Condition Evaluation Report**（条件评估报告），分"匹配上了"和"没匹配上"两拨，逐条告诉你哪个自动配置为什么没生效。排查这类问题，这招最省时间，比瞎猜强一百倍。

5. **想覆盖自动配置的 Bean，Bean 名字最好也对上。** 多数地方类型对上就行，但有一部分自动配置是按 Bean 名字找的，名字不对就覆盖不掉。稳妥做法：自定义 Bean 时名字取得和自动配置里一样。

6. **`@ConditionalOnMissingBean` 有顺序讲究。** 它判断的是"**此刻**容器里有没有"。如果它比某个 Bean 注册得还早，判断就可能失真。所以官方给了 `@AutoConfigureOrder`、`@AutoConfigureBefore`、`@AutoConfigureAfter` 来定先后。自己写着玩一般碰不到，但要做 starter 给别人用，这个必须处理。

7. **`@AutoConfiguration` 注解 2.7 才有。** 项目是 2.6 或更早，得用老写法 `@Configuration`，并在 `spring.factories` 里登记。

8. **自动配置类本身也是配置类。** `@AutoConfiguration` 内部就是 `@Configuration(proxyBeanMethods = false)`，意思是"我这里面不靠方法互相调用"，启动更快。你自己写时别再叠一个 `@Configuration`。

---

一句话收尾：

**Spring Boot 自动配置 = 读清单文件 + 做条件判断 + 满足就替你创建 Bean。你满足了它才出手，你自己定义了它就退让。**

它一点都不神秘，就是把"看情况帮你配置"这件事写成了代码而已。
===== done，正文 9427 字，耗时 13626ms =====
]]></system-out>
  </testcase>
</testsuite>