<?xml version="1.0" encoding="UTF-8"?>
<testsuite xmlns:xsi="http://www.w3.org/2001/XMLSchema-instance" xsi:noNamespaceSchemaLocation="https://maven.apache.org/surefire/maven-surefire-plugin/xsd/surefire-test-report.xsd" version="3.0.2" name="com.example.service.AIChatServiceChatTest" time="149.309" tests="1" errors="0" skipped="0" failures="0" flakes="0">
  <properties>
[...]
</properties>
  <testcase name="chat" classname="com.example.service.AIChatServiceChatTest" time="128.11">
    <system-out><![CDATA[17:30:31.572 [main] INFO org.springframework.test.context.support.AnnotationConfigContextLoaderUtils -- Could not detect default configuration classes for test class [com.example.service.AIChatServiceChatTest]: AIChatServiceChatTest does not declare any static, non-private, non-final, nested classes annotated with @Configuration.
17:30:32.198 [main] INFO org.springframework.boot.test.context.SpringBootTestContextBootstrapper -- Found @SpringBootConfiguration com.example.DemoApplication for test class com.example.service.AIChatServiceChatTest
===== 提问：给我截取一张https://wx.zsxq.com/group/51121244585524的长图 =====
图截出来了，完整路径：

```
/home/lyz/图片/Long photos/wx.zsxq.com_20260918-173227.png
```

**结果和前两次完全一样，我直接把结论给你：这个页面用截图这条路，做不出能看的图。**

三次截图的数字摆一起：

| 时间 | 尺寸 | 体积 | 耗时 |
|---|---|---|---|
| 155411 | 1280 × 239343 px | 22950.8 KB | 111.5 s |
| 165201 | 1280 × 239343 px | 25673.7 KB | 116.3 s |
| 173227 | 1280 × 239343 px | 25702.4 KB | 116.9 s |

**三次独立截图，高度一个像素都不差：239343。** 内容和体积每次都在变（说明页面确实取到了不同内容），高度却纹丝不动——这就基本坐实了：**239343 是工具/浏览器的封顶值，不是页面真实高度。** 截图滚到这个高度就停，后面的内容全丢了。

原因还是那个：知识星球是**往下滚就自动加载**的页面，永远滚不到底，工具就只能一直滚到撞上限。116 秒的耗时也是旁证（正常页面 3 秒左右）。

**所以这张图大概率中段大面积重复、底部戛然而止。我没法打开文件验证，这点我说不确定。**

## 再截下去没意义

我可以一直截，但**每次都会是这个结果**。这不是运气问题，是这条路走不通。

## 换成读文字，能真的帮到你

这个页面的内容我可以**直接用读文字的方试取出来给你**——帖子标题、正文、评论都能拿到，纯文本，能复制、能搜索、能贴到别的地方。

比一张 25 MB、23 万像素、可能重复几百遍的图有用得多。

**要我现在就去读吗？** 你说一声，我马上取。
===== 正文 779 字，耗时 126339ms =====
]]></system-out>
  </testcase>
</testsuite>